<?xml version="1.0" encoding="UTF-8"?>
<testng-results ignored="0" total="2" passed="2" failed="0" skipped="0">
  <reporter-output>
  </reporter-output>
  <suite started-at="2024-04-09T17:11:58 IST" name="Suite" finished-at="2024-04-09T17:12:25 IST" duration-ms="27768">
    <groups>
    </groups>
    <test started-at="2024-04-09T17:11:58 IST" name="ChromeTest" finished-at="2024-04-09T17:12:12 IST" duration-ms="14832">
      <class name="TestNG.Cross_browser_demo">
        <test-method is-config="true" signature="initialize(java.lang.String)[pri:0, instance:TestNG.Cross_browser_demo@4c178a76]" started-at="2024-04-09T17:11:58 IST" name="initialize" finished-at="2024-04-09T17:11:59 IST" duration-ms="1817" status="PASS">
          <params>
            <param index="0">
              <value>
                <![CDATA[chrome]]>
              </value>
            </param>
          </params>
          <reporter-output>
          </reporter-output>
        </test-method> <!-- initialize -->
        <test-method signature="f()[pri:0, instance:TestNG.Cross_browser_demo@4c178a76]" started-at="2024-04-09T17:11:59 IST" name="f" finished-at="2024-04-09T17:12:10 IST" duration-ms="10718" status="PASS">
          <reporter-output>
          </reporter-output>
        </test-method> <!-- f -->
        <test-method is-config="true" signature="afterTest()[pri:0, instance:TestNG.Cross_browser_demo@4c178a76]" started-at="2024-04-09T17:12:10 IST" name="afterTest" finished-at="2024-04-09T17:12:12 IST" duration-ms="2251" status="PASS">
          <reporter-output>
          </reporter-output>
        </test-method> <!-- afterTest -->
      </class> <!-- TestNG.Cross_browser_demo -->
    </test> <!-- ChromeTest -->
    <test started-at="2024-04-09T17:12:12 IST" name="EdgeTest" finished-at="2024-04-09T17:12:25 IST" duration-ms="12908">
      <class name="TestNG.Cross_browser_demo">
        <test-method is-config="true" signature="initialize(java.lang.String)[pri:0, instance:TestNG.Cross_browser_demo@26b3fd41]" started-at="2024-04-09T17:12:12 IST" name="initialize" finished-at="2024-04-09T17:12:13 IST" duration-ms="969" status="PASS">
          <params>
            <param index="0">
              <value>
                <![CDATA[edge]]>
              </value>
            </param>
          </params>
          <reporter-output>
          </reporter-output>
        </test-method> <!-- initialize -->
        <test-method signature="f()[pri:0, instance:TestNG.Cross_browser_demo@26b3fd41]" started-at="2024-04-09T17:12:13 IST" name="f" finished-at="2024-04-09T17:12:22 IST" duration-ms="8984" status="PASS">
          <reporter-output>
          </reporter-output>
        </test-method> <!-- f -->
        <test-method is-config="true" signature="afterTest()[pri:0, instance:TestNG.Cross_browser_demo@26b3fd41]" started-at="2024-04-09T17:12:22 IST" name="afterTest" finished-at="2024-04-09T17:12:25 IST" duration-ms="2948" status="PASS">
          <reporter-output>
          </reporter-output>
        </test-method> <!-- afterTest -->
      </class> <!-- TestNG.Cross_browser_demo -->
    </test> <!-- EdgeTest -->
  </suite> <!-- Suite -->
</testng-results>
